Array
(
)
Array
(
    [name] => sadd
    [content] => dsa
    [たらこ] => OK
)
Array
(
)
Array
(
    [name] => dsadas
    [content] => sa
    [たらこ] => OK
)
Array
(
)
Array
(
)
Array
(
    [name] => sdas
    [content] => dasas
    [たらこ] => OK
)
Array
(
)
Array
(
    [name] => dsadas
    [content] => dasda
    [たらこ] => OK
)
Array
(
)
Array
(
)
Array
(
    [name] => dsadas
    [content] => dasd
    [たらこ] => OK
)
Array
(
)
Array
(
    [name] => dsa
    [content] => dsa
    [たらこ] => OK
)
Array
(
)
Array
(
    [name] => dasdas
    [content] => dsa
    [たらこ] => OK
)
Array
(
)
Array
(
    [name] => らいあん
    [content] => fasd
    [たらこ] => OK
)
Array
(
)
Array
(
    [name] => たこ
    [content] => das
    [たらこ] => OK
)
Array
(
)
Array
(
    [name] => らいあん
    [content] => ｆｄさ
    [たらこ] => OK
)
Array
(
)
Array
(
)
Array
(
    [name] => fdsf
    [content] => fsdf
    [たらこ] => OK
)
Array
(
)
Array
(
    [name] => fsdfsd
    [content] => fsd
    [たらこ] => OK
)
Array
(
)
Array
(
)
Array
(
    [name] => らいあん
    [content] => eえｅ
    [たらこ] => OK
)
Array
(
)
Array
(
)
Array
(
    [name] => たこ
    [content] => ｇｆｄ
    [たらこ] => OK
)
Array
(
)
Array
(
    [name] => 肉球
    [content] => ｇｆｄｇ
    [たらこ] => OK
)
Array
(
    [name] => 肉球
    [content] => ｇｆｄｇ
    [たらこ] => OK
)
Array
(
)
Array
(
    [name] => sda
    [content] => dsa
    [たらこ] => OK
)
Array
(
)
Array
(
)
Array
(
    [name] => dasdas
    [content] => das
    [たらこ] => OK
)
Array
(
    [name] => fdsf
    [content] => fsd
    [たらこ] => OK
)
Array
(
    [name] => fdsf
    [content] => fsd
    [たらこ] => OK
)
Array
(
    [name] => たこ
    [content] => dsa
    [たらこ] => OK
)
Array
(
    [name] => らいあん
    [content] => fds
    [たらこ] => OK
)
Array
(
    [name] => らいあん
    [content] => fds
    [たらこ] => OK
)
Array
(
    [name] => らいあん
    [content] => fds
    [たらこ] => OK
)
Array
(
    [name] => らいあん
    [content] => fds
    [たらこ] => OK
)
Array
(
    [name] => らいあん
    [content] => fds
    [たらこ] => OK
)
Array
(
    [name] => 
    [content] => 
    [たらこ] => OK
)
Array
(
    [name] => ｄさあ
    [content] => あｄｓ
    [たらこ] => OK
)
Array
(
    [name] => ｄさあ
    [content] => あｄｓ
    [たらこ] => OK
)
Array
(
    [name] => だｓ
    [content] => だｓｄさ
    [たらこ] => OK
)
Array
(
    [name] => ｄさあ
    [content] => ｄさあ
    [たらこ] => OK
)
Array
(
    [name] => ｄさあ
    [content] => ｄさあ
    [たらこ] => OK
)
Array
(
    [name] => ｄさあ
    [content] => ｄさあ
    [たらこ] => OK
)
Array
(
    [name] => ｄさあ
    [content] => ｄさあ
    [たらこ] => OK
)
Array
(
)
Array
(
)
Array
(
    [name] => 
    [content] => 
    [たらこ] => OK
)
Array
(
    [name] => 
    [content] => 
    [たらこ] => OK
)
Array
(
    [name] => らいあん
    [content] => fsd
    [たらこ] => OK
)
Array
(
    [name] => 
    [content] => 
    [たらこ] => OK
)
Array
(
    [name] => 肉球
    [content] => ji
    [たらこ] => OK
)
Array
(
    [name] => らいあん
    [content] => mi
    [たらこ] => OK
)
